c:\users\沈\desktop\csc305\csc305as2\x64\release\vc140.pdb
c:\users\沈\desktop\csc305\csc305as2\x64\release\tiny_obj_loader.obj
c:\users\沈\desktop\csc305\csc305as2\x64\release\simulation.obj
c:\users\沈\desktop\csc305\csc305as2\x64\release\shaderset.obj
c:\users\沈\desktop\csc305\csc305as2\x64\release\scene.obj
c:\users\沈\desktop\csc305\csc305as2\x64\release\renderer.obj
c:\users\沈\desktop\csc305\csc305as2\x64\release\opengl.obj
c:\users\沈\desktop\csc305\csc305as2\x64\release\mysdl_dpi.obj
c:\users\沈\desktop\csc305\csc305as2\x64\release\main.obj
c:\users\沈\desktop\csc305\csc305as2\x64\release\imgui_impl_sdl_gl3.obj
c:\users\沈\desktop\csc305\csc305as2\x64\release\imgui_draw.obj
c:\users\沈\desktop\csc305\csc305as2\x64\release\imgui_demo.obj
c:\users\沈\desktop\csc305\csc305as2\x64\release\imgui.obj
c:\users\沈\desktop\csc305\csc305as2\x64\release\stb_image.obj
c:\users\沈\desktop\csc305\csc305as2\x64\release\csc305a2.exe
c:\users\沈\desktop\csc305\csc305as2\x64\release\csc305a2.ipdb
c:\users\沈\desktop\csc305\csc305as2\x64\release\csc305a2.iobj
c:\users\沈\desktop\csc305\csc305as2\x64\release\csc305a2.pdb
c:\users\沈\desktop\csc305\csc305as2\x64\release\csc305a2.res
c:\users\沈\desktop\csc305\csc305as2\x64\release\csc305a2.tlog\cl.command.1.tlog
c:\users\沈\desktop\csc305\csc305as2\x64\release\csc305a2.tlog\cl.read.1.tlog
c:\users\沈\desktop\csc305\csc305as2\x64\release\csc305a2.tlog\cl.write.1.tlog
c:\users\沈\desktop\csc305\csc305as2\x64\release\csc305a2.tlog\link.command.1.tlog
c:\users\沈\desktop\csc305\csc305as2\x64\release\csc305a2.tlog\link.read.1.tlog
c:\users\沈\desktop\csc305\csc305as2\x64\release\csc305a2.tlog\link.write.1.tlog
c:\users\沈\desktop\csc305\csc305as2\x64\release\csc305a2.tlog\rc.command.1.tlog
c:\users\沈\desktop\csc305\csc305as2\x64\release\csc305a2.tlog\rc.read.1.tlog
c:\users\沈\desktop\csc305\csc305as2\x64\release\csc305a2.tlog\rc.write.1.tlog
