c:\users\沈\desktop\csc305\csc305as2\x64\debug\vc140.pdb
c:\users\沈\desktop\csc305\csc305as2\x64\debug\vc140.idb
c:\users\沈\desktop\csc305\csc305as2\x64\debug\imgui.obj
c:\users\沈\desktop\csc305\csc305as2\x64\debug\imgui_demo.obj
c:\users\沈\desktop\csc305\csc305as2\x64\debug\imgui_draw.obj
c:\users\沈\desktop\csc305\csc305as2\x64\debug\imgui_impl_sdl_gl3.obj
c:\users\沈\desktop\csc305\csc305as2\x64\debug\main.obj
c:\users\沈\desktop\csc305\csc305as2\x64\debug\mysdl_dpi.obj
c:\users\沈\desktop\csc305\csc305as2\x64\debug\opengl.obj
c:\users\沈\desktop\csc305\csc305as2\x64\debug\renderer.obj
c:\users\沈\desktop\csc305\csc305as2\x64\debug\scene.obj
c:\users\沈\desktop\csc305\csc305as2\x64\debug\shaderset.obj
c:\users\沈\desktop\csc305\csc305as2\x64\debug\tiny_obj_loader.obj
c:\users\沈\desktop\csc305\csc305as2\x64\debug\simulation.obj
c:\users\沈\desktop\csc305\csc305as2\x64\debug\stb_image.obj
c:\users\沈\desktop\csc305\csc305as2\x64\debug\csc305a2.ilk
c:\users\沈\desktop\csc305\csc305as2\x64\debug\csc305a2.exe
c:\users\沈\desktop\csc305\csc305as2\x64\debug\csc305a2.pdb
c:\users\沈\desktop\csc305\csc305as2\x64\debug\csc305a2.res
c:\users\沈\desktop\csc305\csc305as2\x64\debug\renderer.obj.enc
c:\users\沈\desktop\csc305\csc305as2\x64\debug\csc305a2.tlog\cl.command.1.tlog
c:\users\沈\desktop\csc305\csc305as2\x64\debug\csc305a2.tlog\cl.read.1.tlog
c:\users\沈\desktop\csc305\csc305as2\x64\debug\csc305a2.tlog\cl.write.1.tlog
c:\users\沈\desktop\csc305\csc305as2\x64\debug\csc305a2.tlog\link.command.1.tlog
c:\users\沈\desktop\csc305\csc305as2\x64\debug\csc305a2.tlog\link.read.1.tlog
c:\users\沈\desktop\csc305\csc305as2\x64\debug\csc305a2.tlog\link.write.1.tlog
c:\users\沈\desktop\csc305\csc305as2\x64\debug\csc305a2.tlog\rc.command.1.tlog
c:\users\沈\desktop\csc305\csc305as2\x64\debug\csc305a2.tlog\rc.read.1.tlog
c:\users\沈\desktop\csc305\csc305as2\x64\debug\csc305a2.tlog\rc.write.1.tlog
